Build started 2/20/2012 4:03:49 PM.
Project "C:\Documents and Settings\Administrator\my documents\visual studio 2010\Projects\XServer\XServer\XServer.vcxproj" on node 2 (build target(s)).
InitializeBuildStatus:
  Creating "Debug\XPadServer.unsuccessfulbuild" because "AlwaysCreate" was specified.
ClCompile:
  c:\Program Files\Microsoft Visual Studio 10.0\VC\bin\CL.exe /c /ZI /nologo /W3 /WX- /Od /Oy- /D WIN32 /D _DEBUG /D _WINDOWS /D _UNICODE /D UNICODE /Gm /EHsc /RTC1 /MDd /GS /fp:precise /Zc:wchar_t /Zc:forScope /Yc"StdAfx.h" /Fp"Debug\XPadServer.pch" /Fo"Debug\\" /Fd"Debug\vc100.pdb" /Gd /TP /analyze- /errorReport:prompt stdafx.cpp
  stdafx.cpp
c:\documents and settings\administrator\my documents\visual studio 2010\projects\xserver\xserver\stdafx.h(25): warning C4005: '_WIN32_WINNT' : macro redefinition
          c:\program files\microsoft sdks\windows\v7.0a\include\sdkddkver.h(197) : see previous definition of '_WIN32_WINNT'
  c:\Program Files\Microsoft Visual Studio 10.0\VC\bin\CL.exe /c /ZI /nologo /W3 /WX- /Od /Oy- /D WIN32 /D _DEBUG /D _WINDOWS /D _UNICODE /D UNICODE /Gm /EHsc /RTC1 /MDd /GS /fp:precise /Zc:wchar_t /Zc:forScope /Yu"StdAfx.h" /Fp"Debug\XPadServer.pch" /Fo"Debug\\" /Fd"Debug\vc100.pdb" /Gd /TP /analyze- /errorReport:prompt CXBOXController.cpp systray.cpp TCPServer.cpp XPadServer.cpp
  XPadServer.cpp
  TCPServer.cpp
  systray.cpp
c:\documents and settings\administrator\my documents\visual studio 2010\projects\xserver\xserver\systray.cpp(20): warning C4996: 'wcscpy': This function or variable may be unsafe. Consider using wcscpy_s instead. To disable deprecation, use _CRT_SECURE_NO_WARNINGS. See online help for details.
          c:\program files\microsoft visual studio 10.0\vc\include\string.h(283) : see declaration of 'wcscpy'
c:\documents and settings\administrator\my documents\visual studio 2010\projects\xserver\xserver\systray.cpp(30): warning C4996: 'wcscpy': This function or variable may be unsafe. Consider using wcscpy_s instead. To disable deprecation, use _CRT_SECURE_NO_WARNINGS. See online help for details.
          c:\program files\microsoft visual studio 10.0\vc\include\string.h(283) : see declaration of 'wcscpy'
c:\documents and settings\administrator\my documents\visual studio 2010\projects\xserver\xserver\systray.cpp(31): warning C4996: 'wcscpy': This function or variable may be unsafe. Consider using wcscpy_s instead. To disable deprecation, use _CRT_SECURE_NO_WARNINGS. See online help for details.
          c:\program files\microsoft visual studio 10.0\vc\include\string.h(283) : see declaration of 'wcscpy'
c:\documents and settings\administrator\my documents\visual studio 2010\projects\xserver\xserver\systray.cpp(62): warning C4996: 'mbstowcs': This function or variable may be unsafe. Consider using mbstowcs_s instead. To disable deprecation, use _CRT_SECURE_NO_WARNINGS. See online help for details.
          c:\program files\microsoft visual studio 10.0\vc\include\stdlib.h(498) : see declaration of 'mbstowcs'
c:\documents and settings\administrator\my documents\visual studio 2010\projects\xserver\xserver\systray.cpp(81): warning C4996: 'mbstowcs': This function or variable may be unsafe. Consider using mbstowcs_s instead. To disable deprecation, use _CRT_SECURE_NO_WARNINGS. See online help for details.
          c:\program files\microsoft visual studio 10.0\vc\include\stdlib.h(498) : see declaration of 'mbstowcs'
c:\documents and settings\administrator\my documents\visual studio 2010\projects\xserver\xserver\systray.cpp(119): warning C4996: 'freopen': This function or variable may be unsafe. Consider using freopen_s instead. To disable deprecation, use _CRT_SECURE_NO_WARNINGS. See online help for details.
          c:\program files\microsoft visual studio 10.0\vc\include\stdio.h(249) : see declaration of 'freopen'
  CXBOXController.cpp
c:\documents and settings\administrator\my documents\visual studio 2010\projects\xserver\xserver\cxboxcontroller.cpp(19): warning C4018: '<' : signed/unsigned mismatch
  Generating Code...
ResourceCompile:
  c:\Program Files\Microsoft SDKs\Windows\v7.0A\bin\rc.exe /D _UNICODE /D UNICODE /l"0x0409" /nologo /fo"Debug\XServer.res" XServer.rc 
ManifestResourceCompile:
  c:\Program Files\Microsoft SDKs\Windows\v7.0A\bin\rc.exe /nologo /fo"Debug\XPadServer.exe.embed.manifest.res" Debug\XPadServer_manifest.rc 
Link:
  c:\Program Files\Microsoft Visual Studio 10.0\VC\bin\link.exe /ERRORREPORT:PROMPT /OUT:"C:\Documents and Settings\Administrator\my documents\visual studio 2010\Projects\XServer\Debug\XPadServer.exe" /INCREMENTAL /NOLOGO kernel32.lib user32.lib gdi32.lib winspool.lib comdlg32.lib advapi32.lib shell32.lib ole32.lib oleaut32.lib uuid.lib odbc32.lib odbccp32.lib /MANIFEST /ManifestFile:"Debug\XPadServer.exe.intermediate.manifest" /MANIFESTUAC:"level='asInvoker' uiAccess='false'" /DEBUG /PDB:"C:\Documents and Settings\Administrator\my documents\visual studio 2010\Projects\XServer\Debug\XPadServer.pdb" /SUBSYSTEM:WINDOWS /TLBID:1 /DYNAMICBASE /NXCOMPAT /IMPLIB:"C:\Documents and Settings\Administrator\my documents\visual studio 2010\Projects\XServer\Debug\XPadServer.lib" /MACHINE:X86 Debug\XServer.res
  Debug\XPadServer.exe.embed.manifest.res
  Debug\CXBOXController.obj
  Debug\stdafx.obj
  Debug\systray.obj
  Debug\TCPServer.obj
  Debug\XPadServer.obj
Manifest:
  c:\Program Files\Microsoft SDKs\Windows\v7.0A\bin\mt.exe /nologo /verbose /out:"Debug\XPadServer.exe.embed.manifest" /manifest Debug\XPadServer.exe.intermediate.manifest
  c:\Program Files\Microsoft SDKs\Windows\v7.0A\bin\rc.exe /nologo /fo"Debug\XPadServer.exe.embed.manifest.res" Debug\XPadServer_manifest.rc 
LinkEmbedManifest:
  c:\Program Files\Microsoft Visual Studio 10.0\VC\bin\link.exe /ERRORREPORT:PROMPT /OUT:"C:\Documents and Settings\Administrator\my documents\visual studio 2010\Projects\XServer\Debug\XPadServer.exe" /INCREMENTAL /NOLOGO kernel32.lib user32.lib gdi32.lib winspool.lib comdlg32.lib advapi32.lib shell32.lib ole32.lib oleaut32.lib uuid.lib odbc32.lib odbccp32.lib /MANIFEST /ManifestFile:"Debug\XPadServer.exe.intermediate.manifest" /MANIFESTUAC:"level='asInvoker' uiAccess='false'" /DEBUG /PDB:"C:\Documents and Settings\Administrator\my documents\visual studio 2010\Projects\XServer\Debug\XPadServer.pdb" /SUBSYSTEM:WINDOWS /TLBID:1 /DYNAMICBASE /NXCOMPAT /IMPLIB:"C:\Documents and Settings\Administrator\my documents\visual studio 2010\Projects\XServer\Debug\XPadServer.lib" /MACHINE:X86 Debug\XServer.res
  Debug\XPadServer.exe.embed.manifest.res
  Debug\CXBOXController.obj
  Debug\stdafx.obj
  Debug\systray.obj
  Debug\TCPServer.obj
  Debug\XPadServer.obj
  XServer.vcxproj -> C:\Documents and Settings\Administrator\my documents\visual studio 2010\Projects\XServer\Debug\XPadServer.exe
FinalizeBuildStatus:
  Deleting file "Debug\XPadServer.unsuccessfulbuild".
  Touching "Debug\XPadServer.lastbuildstate".
Done Building Project "C:\Documents and Settings\Administrator\my documents\visual studio 2010\Projects\XServer\XServer\XServer.vcxproj" (build target(s)).

Build succeeded.

Time Elapsed 00:00:09.87
