C:\DOCUMENTS AND SETTINGS\ADMINISTRATOR\MY DOCUMENTS\VISUAL STUDIO 2010\PROJECTS\XSERVER\DEBUG\XPADSERVER.EXE
C:\DOCUMENTS AND SETTINGS\ADMINISTRATOR\MY DOCUMENTS\VISUAL STUDIO 2010\PROJECTS\XSERVER\DEBUG\XPADSERVER.ILK
C:\DOCUMENTS AND SETTINGS\ADMINISTRATOR\MY DOCUMENTS\VISUAL STUDIO 2010\PROJECTS\XSERVER\DEBUG\XPADSERVER.PDB
C:\Documents and Settings\Administrator\my documents\visual studio 2010\Projects\XServer\XServer\Debug\cl.command.1.tlog
C:\Documents and Settings\Administrator\my documents\visual studio 2010\Projects\XServer\XServer\Debug\CL.read.1.tlog
C:\Documents and Settings\Administrator\my documents\visual studio 2010\Projects\XServer\XServer\Debug\CL.write.1.tlog
C:\DOCUMENTS AND SETTINGS\ADMINISTRATOR\MY DOCUMENTS\VISUAL STUDIO 2010\PROJECTS\XSERVER\XSERVER\DEBUG\CXBOXCONTROLLER.OBJ
C:\Documents and Settings\Administrator\my documents\visual studio 2010\Projects\XServer\XServer\Debug\link.3828.read.1.tlog
C:\Documents and Settings\Administrator\my documents\visual studio 2010\Projects\XServer\XServer\Debug\link.3828.write.1.tlog
C:\Documents and Settings\Administrator\my documents\visual studio 2010\Projects\XServer\XServer\Debug\link.3828-cvtres.read.1.tlog
C:\Documents and Settings\Administrator\my documents\visual studio 2010\Projects\XServer\XServer\Debug\link.3828-cvtres.write.1.tlog
C:\Documents and Settings\Administrator\my documents\visual studio 2010\Projects\XServer\XServer\Debug\link.932.read.1.tlog
C:\Documents and Settings\Administrator\my documents\visual studio 2010\Projects\XServer\XServer\Debug\link.932.write.1.tlog
C:\Documents and Settings\Administrator\my documents\visual studio 2010\Projects\XServer\XServer\Debug\link.932-cvtres.read.1.tlog
C:\Documents and Settings\Administrator\my documents\visual studio 2010\Projects\XServer\XServer\Debug\link.932-cvtres.write.1.tlog
C:\Documents and Settings\Administrator\my documents\visual studio 2010\Projects\XServer\XServer\Debug\link.command.1.tlog
C:\Documents and Settings\Administrator\my documents\visual studio 2010\Projects\XServer\XServer\Debug\link.read.1.tlog
C:\Documents and Settings\Administrator\my documents\visual studio 2010\Projects\XServer\XServer\Debug\link.write.1.tlog
C:\Documents and Settings\Administrator\my documents\visual studio 2010\Projects\XServer\XServer\Debug\link-cvtres.read.1.tlog
C:\Documents and Settings\Administrator\my documents\visual studio 2010\Projects\XServer\XServer\Debug\link-cvtres.write.1.tlog
C:\Documents and Settings\Administrator\my documents\visual studio 2010\Projects\XServer\XServer\Debug\mt.command.1.tlog
C:\Documents and Settings\Administrator\my documents\visual studio 2010\Projects\XServer\XServer\Debug\mt.read.1.tlog
C:\Documents and Settings\Administrator\my documents\visual studio 2010\Projects\XServer\XServer\Debug\mt.write.1.tlog
C:\Documents and Settings\Administrator\my documents\visual studio 2010\Projects\XServer\XServer\Debug\rc.command.1.tlog
C:\Documents and Settings\Administrator\my documents\visual studio 2010\Projects\XServer\XServer\Debug\rc.read.1.tlog
C:\Documents and Settings\Administrator\my documents\visual studio 2010\Projects\XServer\XServer\Debug\rc.write.1.tlog
C:\DOCUMENTS AND SETTINGS\ADMINISTRATOR\MY DOCUMENTS\VISUAL STUDIO 2010\PROJECTS\XSERVER\XSERVER\DEBUG\STDAFX.OBJ
C:\DOCUMENTS AND SETTINGS\ADMINISTRATOR\MY DOCUMENTS\VISUAL STUDIO 2010\PROJECTS\XSERVER\XSERVER\DEBUG\SYSTRAY.OBJ
C:\DOCUMENTS AND SETTINGS\ADMINISTRATOR\MY DOCUMENTS\VISUAL STUDIO 2010\PROJECTS\XSERVER\XSERVER\DEBUG\TCPSERVER.OBJ
C:\Documents and Settings\Administrator\my documents\visual studio 2010\Projects\XServer\XServer\Debug\vc100.idb
C:\DOCUMENTS AND SETTINGS\ADMINISTRATOR\MY DOCUMENTS\VISUAL STUDIO 2010\PROJECTS\XSERVER\XSERVER\DEBUG\VC100.PDB
C:\DOCUMENTS AND SETTINGS\ADMINISTRATOR\MY DOCUMENTS\VISUAL STUDIO 2010\PROJECTS\XSERVER\XSERVER\DEBUG\XPADSERVER.EXE.EMBED.MANIFEST
C:\DOCUMENTS AND SETTINGS\ADMINISTRATOR\MY DOCUMENTS\VISUAL STUDIO 2010\PROJECTS\XSERVER\XSERVER\DEBUG\XPADSERVER.EXE.EMBED.MANIFEST.RES
C:\DOCUMENTS AND SETTINGS\ADMINISTRATOR\MY DOCUMENTS\VISUAL STUDIO 2010\PROJECTS\XSERVER\XSERVER\DEBUG\XPADSERVER.EXE.INTERMEDIATE.MANIFEST
C:\DOCUMENTS AND SETTINGS\ADMINISTRATOR\MY DOCUMENTS\VISUAL STUDIO 2010\PROJECTS\XSERVER\XSERVER\DEBUG\XPADSERVER.OBJ
C:\DOCUMENTS AND SETTINGS\ADMINISTRATOR\MY DOCUMENTS\VISUAL STUDIO 2010\PROJECTS\XSERVER\XSERVER\DEBUG\XPADSERVER.PCH
C:\Documents and Settings\Administrator\my documents\visual studio 2010\Projects\XServer\XServer\Debug\XPadServer_manifest.rc
C:\DOCUMENTS AND SETTINGS\ADMINISTRATOR\MY DOCUMENTS\VISUAL STUDIO 2010\PROJECTS\XSERVER\XSERVER\DEBUG\XSERVER.RES
